<?xml version="1.0" encoding="UTF-8"?>
<!-- Generated by org.testng.reporters.JUnitReportReporter -->
<testsuite hostname="DESKTOP-20G0H2Q" failures="0" tests="1" name="mobile_hybrid.Test_Main" time="23.489" errors="0" timestamp="05 Jan 2024 10:28:21 GMT" skipped="0">
  <testcase classname="mobile_hybrid.Test_Main" name="test1" time="23.489"/>
</testsuite> <!-- mobile_hybrid.Test_Main -->
